Content-Type: multipart/alternative;
 boundary="===============3420031012157608167=="
MIME-Version: 1.0
Subject: Welcome
From: webmaster@localhost
To: f@gmail.com
Date: Sun, 16 Jul 2023 13:52:43 -0000
Message-ID: <168951556369.140574.15067470776811459133@Atom-F11>

--===============3420031012157608167==
Content-Type: text/plain; charset="utf-8"
MIME-Version: 1.0
Content-Transfer-Encoding: 7bit

Welcome to our site
--===============3420031012157608167==
Content-Type: text/html; charset="utf-8"
MIME-Version: 1.0
Content-Transfer-Encoding: 7bit

<h2>Hello Felix Sirdes,</h2>
<h3>Welcome to KenGen Attachment site</h3>

<p>Username: felix</p>
<p>Password: Password1</p>

--===============3420031012157608167==--

-------------------------------------------------------------------------------
